react-dom.development.js:29895 Download the React DevTools for a better development experience: https://reactjs.org/link/react-devtoolsYou might need to use a local HTTP server (instead of file://): https://reactjs.org/link/react-devtools-faq
index.tsx:48 React app rendered successfully
Header.tsx:145 Uncaught TypeError: (0 , _ui_theme_ThemeProvider__WEBPACK_IMPORTED_MODULE_5__.useTheme) is not a function
    at Header (Header.tsx:145:41)
    at renderWithHooks (react-dom.development.js:15486:1)
    at mountIndeterminateComponent (react-dom.development.js:20103:1)
    at beginWork (react-dom.development.js:21626:1)
    at HTMLUnknownElement.callCallback (react-dom.development.js:4164:1)
    at Object.invokeGuardedCallbackDev (react-dom.development.js:4213:1)
    at invokeGuardedCallback (react-dom.development.js:4277:1)
    at beginWork$1 (react-dom.development.js:27490:1)
    at performUnitOfWork (react-dom.development.js:26599:1)
    at workLoopSync (react-dom.development.js:26505:1)
styled-components.browser.esm.js:1 styled-components: it looks like an unknown prop "whileTap" is being sent through to the DOM, which will likely trigger a React console error. If you would like automatic filtering of unknown props, you can opt-into that behavior via `<StyleSheetManager shouldForwardProp={...}>` (connect an API like `@emotion/is-prop-valid`) or consider using transient props (`$` prefix for automatic filtering.)
eval @ styled-components.browser.esm.js:1
IconButton.tsx:128 Uncaught TypeError: Cannot read properties of undefined (reading 'duration')
    at StyledIconButton.theme.theme (IconButton.tsx:128:52)
    at Xe (styled-components.browser.esm.js:1:18155)
    at e.generateAndInjectStyles (styled-components.browser.esm.js:1:19667)
    at eval (styled-components.browser.esm.js:1:22365)
    at eval (styled-components.browser.esm.js:1:22479)
    at O (styled-components.browser.esm.js:1:22698)
    at renderWithHooks (react-dom.development.js:15486:1)
    at updateForwardRef (react-dom.development.js:19245:1)
    at beginWork (react-dom.development.js:21675:1)
    at HTMLUnknownElement.callCallback (react-dom.development.js:4164:1)
react-dom.development.js:86 Warning: Function components cannot be given refs. Attempts to access this ref will fail. Did you mean to use React.forwardRef()?

Check the render method of `Primitive.button.SlotClone`.
    at IconButton (webpack-internal:///./src/renderer/ui/components/IconButton/IconButton.tsx:149:23)
    at eval (webpack-internal:///./node_modules/@radix-ui/react-slot/dist/index.mjs:44:13)
    at eval (webpack-internal:///./node_modules/@radix-ui/react-slot/dist/index.mjs:20:13)
    at eval (webpack-internal:///./node_modules/@radix-ui/react-primitive/dist/index.mjs:38:13)
    at eval (webpack-internal:///./node_modules/@radix-ui/react-slot/dist/index.mjs:44:13)
    at eval (webpack-internal:///./node_modules/@radix-ui/react-slot/dist/index.mjs:20:13)
    at eval (webpack-internal:///./node_modules/@radix-ui/react-primitive/dist/index.mjs:38:13)
    at eval (webpack-internal:///./node_modules/@radix-ui/react-popper/dist/index.mjs:53:13)
    at eval (webpack-internal:///./node_modules/@radix-ui/react-tooltip/dist/index.mjs:195:13)
    at Provider (webpack-internal:///./node_modules/@radix-ui/react-context/dist/index.mjs:34:15)
    at Provider (webpack-internal:///./node_modules/@radix-ui/react-context/dist/index.mjs:34:15)
    at Popper (webpack-internal:///./node_modules/@radix-ui/react-popper/dist/index.mjs:45:11)
    at Tooltip (webpack-internal:///./node_modules/@radix-ui/react-tooltip/dist/index.mjs:103:5)
    at Provider (webpack-internal:///./node_modules/@radix-ui/react-context/dist/index.mjs:34:15)
    at TooltipProvider (webpack-internal:///./node_modules/@radix-ui/react-tooltip/dist/index.mjs:59:5)
    at Tooltip (webpack-internal:///./src/renderer/ui/components/Tooltip/Tooltip.tsx:85:20)
    at div
    at O (webpack-internal:///./node_modules/styled-components/dist/styled-components.browser.esm.js:35:9796)
    at div
    at O (webpack-internal:///./node_modules/styled-components/dist/styled-components.browser.esm.js:35:9796)
    at CanvasToolbar (webpack-internal:///./src/renderer/components/Canvas/CanvasToolbar.tsx:71:26)
    at div
    at CanvasArea (webpack-internal:///./src/renderer/components/Canvas/CanvasArea.tsx:19:91)
    at div
    at O (webpack-internal:///./node_modules/styled-components/dist/styled-components.browser.esm.js:35:9796)
    at MainContent
    at div
    at O (webpack-internal:///./node_modules/styled-components/dist/styled-components.browser.esm.js:35:9796)
    at div
    at O (webpack-internal:///./node_modules/styled-components/dist/styled-components.browser.esm.js:35:9796)
    at div
    at O (webpack-internal:///./node_modules/styled-components/dist/styled-components.browser.esm.js:35:9796)
    at Layout (webpack-internal:///./src/renderer/components/Layout/Layout.tsx:43:121)
    at App (webpack-internal:///./src/renderer/App.tsx:12:16)
    at ot (webpack-internal:///./node_modules/styled-components/dist/styled-components.browser.esm.js:35:6585)
    at ThemeProvider (webpack-internal:///./src/renderer/ui/theme/ThemeProvider.tsx:55:26)
    at ErrorBoundary (webpack-internal:///./src/renderer/components/ErrorBoundary.tsx:12:9)
printWarning @ react-dom.development.js:86
IconButton.tsx:128 Uncaught TypeError: Cannot read properties of undefined (reading 'duration')
    at StyledIconButton.theme.theme (IconButton.tsx:128:52)
    at Xe (styled-components.browser.esm.js:1:18155)
    at e.generateAndInjectStyles (styled-components.browser.esm.js:1:19667)
    at eval (styled-components.browser.esm.js:1:22365)
    at eval (styled-components.browser.esm.js:1:22479)
    at O (styled-components.browser.esm.js:1:22698)
    at renderWithHooks (react-dom.development.js:15486:1)
    at updateForwardRef (react-dom.development.js:19245:1)
    at beginWork (react-dom.development.js:21675:1)
    at HTMLUnknownElement.callCallback (react-dom.development.js:4164:1)
IconButton.tsx:128 Uncaught TypeError: Cannot read properties of undefined (reading 'duration')
    at StyledIconButton.theme.theme (IconButton.tsx:128:52)
    at Xe (styled-components.browser.esm.js:1:18155)
    at e.generateAndInjectStyles (styled-components.browser.esm.js:1:19667)
    at eval (styled-components.browser.esm.js:1:22365)
    at eval (styled-components.browser.esm.js:1:22479)
    at O (styled-components.browser.esm.js:1:22698)
    at renderWithHooks (react-dom.development.js:15486:1)
    at updateForwardRef (react-dom.development.js:19245:1)
    at beginWork (react-dom.development.js:21675:1)
    at HTMLUnknownElement.callCallback (react-dom.development.js:4164:1)
IconButton.tsx:128 Uncaught TypeError: Cannot read properties of undefined (reading 'duration')
    at StyledIconButton.theme.theme (IconButton.tsx:128:52)
    at Xe (styled-components.browser.esm.js:1:18155)
    at e.generateAndInjectStyles (styled-components.browser.esm.js:1:19667)
    at eval (styled-components.browser.esm.js:1:22365)
    at eval (styled-components.browser.esm.js:1:22479)
    at O (styled-components.browser.esm.js:1:22698)
    at renderWithHooks (react-dom.development.js:15486:1)
    at updateForwardRef (react-dom.development.js:19245:1)
    at beginWork (react-dom.development.js:21675:1)
    at HTMLUnknownElement.callCallback (react-dom.development.js:4164:1)
IconButton.tsx:128 Uncaught TypeError: Cannot read properties of undefined (reading 'duration')
    at StyledIconButton.theme.theme (IconButton.tsx:128:52)
    at Xe (styled-components.browser.esm.js:1:18155)
    at e.generateAndInjectStyles (styled-components.browser.esm.js:1:19667)
    at eval (styled-components.browser.esm.js:1:22365)
    at eval (styled-components.browser.esm.js:1:22479)
    at O (styled-components.browser.esm.js:1:22698)
    at renderWithHooks (react-dom.development.js:15486:1)
    at updateForwardRef (react-dom.development.js:19245:1)
    at beginWork (react-dom.development.js:21675:1)
    at HTMLUnknownElement.callCallback (react-dom.development.js:4164:1)
react-dom.development.js:86 Warning: Function components cannot be given refs. Attempts to access this ref will fail. Did you mean to use React.forwardRef()?

Check the render method of `Styled(IconButton)`.
    at IconButton (webpack-internal:///./src/renderer/ui/components/IconButton/IconButton.tsx:149:23)
    at O (webpack-internal:///./node_modules/styled-components/dist/styled-components.browser.esm.js:35:9796)
    at eval (webpack-internal:///./node_modules/@radix-ui/react-slot/dist/index.mjs:44:13)
    at eval (webpack-internal:///./node_modules/@radix-ui/react-slot/dist/index.mjs:20:13)
    at eval (webpack-internal:///./node_modules/@radix-ui/react-primitive/dist/index.mjs:38:13)
    at eval (webpack-internal:///./node_modules/@radix-ui/react-slot/dist/index.mjs:44:13)
    at eval (webpack-internal:///./node_modules/@radix-ui/react-slot/dist/index.mjs:20:13)
    at eval (webpack-internal:///./node_modules/@radix-ui/react-primitive/dist/index.mjs:38:13)
    at eval (webpack-internal:///./node_modules/@radix-ui/react-popper/dist/index.mjs:53:13)
    at eval (webpack-internal:///./node_modules/@radix-ui/react-tooltip/dist/index.mjs:195:13)
    at Provider (webpack-internal:///./node_modules/@radix-ui/react-context/dist/index.mjs:34:15)
    at Provider (webpack-internal:///./node_modules/@radix-ui/react-context/dist/index.mjs:34:15)
    at Popper (webpack-internal:///./node_modules/@radix-ui/react-popper/dist/index.mjs:45:11)
    at Tooltip (webpack-internal:///./node_modules/@radix-ui/react-tooltip/dist/index.mjs:103:5)
    at Provider (webpack-internal:///./node_modules/@radix-ui/react-context/dist/index.mjs:34:15)
    at TooltipProvider (webpack-internal:///./node_modules/@radix-ui/react-tooltip/dist/index.mjs:59:5)
    at Tooltip (webpack-internal:///./src/renderer/ui/components/Tooltip/Tooltip.tsx:85:20)
    at div
    at O (webpack-internal:///./node_modules/styled-components/dist/styled-components.browser.esm.js:35:9796)
    at div
    at O (webpack-internal:///./node_modules/styled-components/dist/styled-components.browser.esm.js:35:9796)
    at CanvasToolbar (webpack-internal:///./src/renderer/components/Canvas/CanvasToolbar.tsx:71:26)
    at div
    at CanvasArea (webpack-internal:///./src/renderer/components/Canvas/CanvasArea.tsx:19:91)
    at div
    at O (webpack-internal:///./node_modules/styled-components/dist/styled-components.browser.esm.js:35:9796)
    at MainContent
    at div
    at O (webpack-internal:///./node_modules/styled-components/dist/styled-components.browser.esm.js:35:9796)
    at div
    at O (webpack-internal:///./node_modules/styled-components/dist/styled-components.browser.esm.js:35:9796)
    at div
    at O (webpack-internal:///./node_modules/styled-components/dist/styled-components.browser.esm.js:35:9796)
    at Layout (webpack-internal:///./src/renderer/components/Layout/Layout.tsx:43:121)
    at App (webpack-internal:///./src/renderer/App.tsx:12:16)
    at ot (webpack-internal:///./node_modules/styled-components/dist/styled-components.browser.esm.js:35:6585)
    at ThemeProvider (webpack-internal:///./src/renderer/ui/theme/ThemeProvider.tsx:55:26)
    at ErrorBoundary (webpack-internal:///./src/renderer/components/ErrorBoundary.tsx:12:9)
printWarning @ react-dom.development.js:86
IconButton.tsx:128 Uncaught TypeError: Cannot read properties of undefined (reading 'duration')
    at StyledIconButton.theme.theme (IconButton.tsx:128:52)
    at Xe (styled-components.browser.esm.js:1:18155)
    at e.generateAndInjectStyles (styled-components.browser.esm.js:1:19667)
    at eval (styled-components.browser.esm.js:1:22365)
    at eval (styled-components.browser.esm.js:1:22479)
    at O (styled-components.browser.esm.js:1:22698)
    at renderWithHooks (react-dom.development.js:15486:1)
    at updateForwardRef (react-dom.development.js:19245:1)
    at beginWork (react-dom.development.js:21675:1)
    at HTMLUnknownElement.callCallback (react-dom.development.js:4164:1)
IconButton.tsx:128 Uncaught TypeError: Cannot read properties of undefined (reading 'duration')
    at StyledIconButton.theme.theme (IconButton.tsx:128:52)
    at Xe (styled-components.browser.esm.js:1:18155)
    at e.generateAndInjectStyles (styled-components.browser.esm.js:1:19667)
    at eval (styled-components.browser.esm.js:1:22365)
    at eval (styled-components.browser.esm.js:1:22479)
    at O (styled-components.browser.esm.js:1:22698)
    at renderWithHooks (react-dom.development.js:15486:1)
    at updateForwardRef (react-dom.development.js:19245:1)
    at beginWork (react-dom.development.js:21675:1)
    at HTMLUnknownElement.callCallback (react-dom.development.js:4164:1)
IconButton.tsx:128 Uncaught TypeError: Cannot read properties of undefined (reading 'duration')
    at StyledIconButton.theme.theme (IconButton.tsx:128:52)
    at Xe (styled-components.browser.esm.js:1:18155)
    at e.generateAndInjectStyles (styled-components.browser.esm.js:1:19667)
    at eval (styled-components.browser.esm.js:1:22365)
    at eval (styled-components.browser.esm.js:1:22479)
    at O (styled-components.browser.esm.js:1:22698)
    at renderWithHooks (react-dom.development.js:15486:1)
    at updateForwardRef (react-dom.development.js:19245:1)
    at beginWork (react-dom.development.js:21675:1)
    at HTMLUnknownElement.callCallback (react-dom.development.js:4164:1)
Header.tsx:145 Uncaught TypeError: (0 , _ui_theme_ThemeProvider__WEBPACK_IMPORTED_MODULE_5__.useTheme) is not a function
    at Header (Header.tsx:145:41)
    at renderWithHooks (react-dom.development.js:15486:1)
    at mountIndeterminateComponent (react-dom.development.js:20103:1)
    at beginWork (react-dom.development.js:21626:1)
    at HTMLUnknownElement.callCallback (react-dom.development.js:4164:1)
    at Object.invokeGuardedCallbackDev (react-dom.development.js:4213:1)
    at invokeGuardedCallback (react-dom.development.js:4277:1)
    at beginWork$1 (react-dom.development.js:27490:1)
    at performUnitOfWork (react-dom.development.js:26599:1)
    at workLoopSync (react-dom.development.js:26505:1)
IconButton.tsx:128 Uncaught TypeError: Cannot read properties of undefined (reading 'duration')
    at StyledIconButton.theme.theme (IconButton.tsx:128:52)
    at Xe (styled-components.browser.esm.js:1:18155)
    at e.generateAndInjectStyles (styled-components.browser.esm.js:1:19667)
    at eval (styled-components.browser.esm.js:1:22365)
    at eval (styled-components.browser.esm.js:1:22479)
    at O (styled-components.browser.esm.js:1:22698)
    at renderWithHooks (react-dom.development.js:15486:1)
    at updateForwardRef (react-dom.development.js:19245:1)
    at beginWork (react-dom.development.js:21675:1)
    at HTMLUnknownElement.callCallback (react-dom.development.js:4164:1)
IconButton.tsx:128 Uncaught TypeError: Cannot read properties of undefined (reading 'duration')
    at StyledIconButton.theme.theme (IconButton.tsx:128:52)
    at Xe (styled-components.browser.esm.js:1:18155)
    at e.generateAndInjectStyles (styled-components.browser.esm.js:1:19667)
    at eval (styled-components.browser.esm.js:1:22365)
    at eval (styled-components.browser.esm.js:1:22479)
    at O (styled-components.browser.esm.js:1:22698)
    at renderWithHooks (react-dom.development.js:15486:1)
    at updateForwardRef (react-dom.development.js:19245:1)
    at beginWork (react-dom.development.js:21675:1)
    at HTMLUnknownElement.callCallback (react-dom.development.js:4164:1)
IconButton.tsx:128 Uncaught TypeError: Cannot read properties of undefined (reading 'duration')
    at StyledIconButton.theme.theme (IconButton.tsx:128:52)
    at Xe (styled-components.browser.esm.js:1:18155)
    at e.generateAndInjectStyles (styled-components.browser.esm.js:1:19667)
    at eval (styled-components.browser.esm.js:1:22365)
    at eval (styled-components.browser.esm.js:1:22479)
    at O (styled-components.browser.esm.js:1:22698)
    at renderWithHooks (react-dom.development.js:15486:1)
    at updateForwardRef (react-dom.development.js:19245:1)
    at beginWork (react-dom.development.js:21675:1)
    at HTMLUnknownElement.callCallback (react-dom.development.js:4164:1)
IconButton.tsx:128 Uncaught TypeError: Cannot read properties of undefined (reading 'duration')
    at StyledIconButton.theme.theme (IconButton.tsx:128:52)
    at Xe (styled-components.browser.esm.js:1:18155)
    at e.generateAndInjectStyles (styled-components.browser.esm.js:1:19667)
    at eval (styled-components.browser.esm.js:1:22365)
    at eval (styled-components.browser.esm.js:1:22479)
    at O (styled-components.browser.esm.js:1:22698)
    at renderWithHooks (react-dom.development.js:15486:1)
    at updateForwardRef (react-dom.development.js:19245:1)
    at beginWork (react-dom.development.js:21675:1)
    at HTMLUnknownElement.callCallback (react-dom.development.js:4164:1)
IconButton.tsx:128 Uncaught TypeError: Cannot read properties of undefined (reading 'duration')
    at StyledIconButton.theme.theme (IconButton.tsx:128:52)
    at Xe (styled-components.browser.esm.js:1:18155)
    at e.generateAndInjectStyles (styled-components.browser.esm.js:1:19667)
    at eval (styled-components.browser.esm.js:1:22365)
    at eval (styled-components.browser.esm.js:1:22479)
    at O (styled-components.browser.esm.js:1:22698)
    at renderWithHooks (react-dom.development.js:15486:1)
    at updateForwardRef (react-dom.development.js:19245:1)
    at beginWork (react-dom.development.js:21675:1)
    at HTMLUnknownElement.callCallback (react-dom.development.js:4164:1)
IconButton.tsx:128 Uncaught TypeError: Cannot read properties of undefined (reading 'duration')
    at StyledIconButton.theme.theme (IconButton.tsx:128:52)
    at Xe (styled-components.browser.esm.js:1:18155)
    at e.generateAndInjectStyles (styled-components.browser.esm.js:1:19667)
    at eval (styled-components.browser.esm.js:1:22365)
    at eval (styled-components.browser.esm.js:1:22479)
    at O (styled-components.browser.esm.js:1:22698)
    at renderWithHooks (react-dom.development.js:15486:1)
    at updateForwardRef (react-dom.development.js:19245:1)
    at beginWork (react-dom.development.js:21675:1)
    at HTMLUnknownElement.callCallback (react-dom.development.js:4164:1)
IconButton.tsx:128 Uncaught TypeError: Cannot read properties of undefined (reading 'duration')
    at StyledIconButton.theme.theme (IconButton.tsx:128:52)
    at Xe (styled-components.browser.esm.js:1:18155)
    at e.generateAndInjectStyles (styled-components.browser.esm.js:1:19667)
    at eval (styled-components.browser.esm.js:1:22365)
    at eval (styled-components.browser.esm.js:1:22479)
    at O (styled-components.browser.esm.js:1:22698)
    at renderWithHooks (react-dom.development.js:15486:1)
    at updateForwardRef (react-dom.development.js:19245:1)
    at beginWork (react-dom.development.js:21675:1)
    at HTMLUnknownElement.callCallback (react-dom.development.js:4164:1)
IconButton.tsx:128 Uncaught TypeError: Cannot read properties of undefined (reading 'duration')
    at StyledIconButton.theme.theme (IconButton.tsx:128:52)
    at Xe (styled-components.browser.esm.js:1:18155)
    at e.generateAndInjectStyles (styled-components.browser.esm.js:1:19667)
    at eval (styled-components.browser.esm.js:1:22365)
    at eval (styled-components.browser.esm.js:1:22479)
    at O (styled-components.browser.esm.js:1:22698)
    at renderWithHooks (react-dom.development.js:15486:1)
    at updateForwardRef (react-dom.development.js:19245:1)
    at beginWork (react-dom.development.js:21675:1)
    at HTMLUnknownElement.callCallback (react-dom.development.js:4164:1)
react-dom.development.js:18704 The above error occurred in the <Header> component:

    at Header (webpack-internal:///./src/renderer/components/Layout/Header.tsx:129:116)
    at div
    at O (webpack-internal:///./node_modules/styled-components/dist/styled-components.browser.esm.js:35:9796)
    at Layout (webpack-internal:///./src/renderer/components/Layout/Layout.tsx:43:121)
    at App (webpack-internal:///./src/renderer/App.tsx:12:16)
    at ot (webpack-internal:///./node_modules/styled-components/dist/styled-components.browser.esm.js:35:6585)
    at ThemeProvider (webpack-internal:///./src/renderer/ui/theme/ThemeProvider.tsx:55:26)
    at ErrorBoundary (webpack-internal:///./src/renderer/components/ErrorBoundary.tsx:12:9)

React will try to recreate this component tree from scratch using the error boundary you provided, ErrorBoundary.
logCapturedError @ react-dom.development.js:18704
ErrorBoundary.tsx:24 ErrorBoundary caught an error: TypeError: (0 , _ui_theme_ThemeProvider__WEBPACK_IMPORTED_MODULE_5__.useTheme) is not a function
    at Header (Header.tsx:145:41)
    at renderWithHooks (react-dom.development.js:15486:1)
    at mountIndeterminateComponent (react-dom.development.js:20103:1)
    at beginWork (react-dom.development.js:21626:1)
    at beginWork$1 (react-dom.development.js:27465:1)
    at performUnitOfWork (react-dom.development.js:26599:1)
    at workLoopSync (react-dom.development.js:26505:1)
    at renderRootSync (react-dom.development.js:26473:1)
    at recoverFromConcurrentError (react-dom.development.js:25889:1)
    at performConcurrentWorkOnRoot (react-dom.development.js:25789:1) Object
componentDidCatch @ ErrorBoundary.tsx:24
react-dom.development.js:18704 The above error occurred in the <Styled(Component)> component:

    at O (webpack-internal:///./node_modules/styled-components/dist/styled-components.browser.esm.js:35:9796)
    at IconButton (webpack-internal:///./src/renderer/ui/components/IconButton/IconButton.tsx:149:23)
    at div
    at O (webpack-internal:///./node_modules/styled-components/dist/styled-components.browser.esm.js:35:9796)
    at aside
    at O (webpack-internal:///./node_modules/styled-components/dist/styled-components.browser.esm.js:35:9796)
    at Sidebar (webpack-internal:///./src/renderer/components/Layout/Sidebar.tsx:141:155)
    at div
    at O (webpack-internal:///./node_modules/styled-components/dist/styled-components.browser.esm.js:35:9796)
    at div
    at O (webpack-internal:///./node_modules/styled-components/dist/styled-components.browser.esm.js:35:9796)
    at Layout (webpack-internal:///./src/renderer/components/Layout/Layout.tsx:43:121)
    at App (webpack-internal:///./src/renderer/App.tsx:12:16)
    at ot (webpack-internal:///./node_modules/styled-components/dist/styled-components.browser.esm.js:35:6585)
    at ThemeProvider (webpack-internal:///./src/renderer/ui/theme/ThemeProvider.tsx:55:26)
    at ErrorBoundary (webpack-internal:///./src/renderer/components/ErrorBoundary.tsx:12:9)

React will try to recreate this component tree from scratch using the error boundary you provided, ErrorBoundary.
logCapturedError @ react-dom.development.js:18704
ErrorBoundary.tsx:24 ErrorBoundary caught an error: TypeError: Cannot read properties of undefined (reading 'duration')
    at StyledIconButton.theme.theme (IconButton.tsx:128:52)
    at Xe (styled-components.browser.esm.js:1:18155)
    at e.generateAndInjectStyles (styled-components.browser.esm.js:1:19667)
    at eval (styled-components.browser.esm.js:1:22365)
    at eval (styled-components.browser.esm.js:1:22479)
    at O (styled-components.browser.esm.js:1:22698)
    at renderWithHooks (react-dom.development.js:15486:1)
    at updateForwardRef (react-dom.development.js:19245:1)
    at beginWork (react-dom.development.js:21675:1)
    at beginWork$1 (react-dom.development.js:27465:1) Object
componentDidCatch @ ErrorBoundary.tsx:24
react-dom.development.js:18704 The above error occurred in the <Styled(Component)> component:

    at O (webpack-internal:///./node_modules/styled-components/dist/styled-components.browser.esm.js:35:9796)
    at IconButton (webpack-internal:///./src/renderer/ui/components/IconButton/IconButton.tsx:149:23)
    at eval (webpack-internal:///./node_modules/@radix-ui/react-slot/dist/index.mjs:44:13)
    at eval (webpack-internal:///./node_modules/@radix-ui/react-slot/dist/index.mjs:20:13)
    at eval (webpack-internal:///./node_modules/@radix-ui/react-primitive/dist/index.mjs:38:13)
    at eval (webpack-internal:///./node_modules/@radix-ui/react-slot/dist/index.mjs:44:13)
    at eval (webpack-internal:///./node_modules/@radix-ui/react-slot/dist/index.mjs:20:13)
    at eval (webpack-internal:///./node_modules/@radix-ui/react-primitive/dist/index.mjs:38:13)
    at eval (webpack-internal:///./node_modules/@radix-ui/react-popper/dist/index.mjs:53:13)
    at eval (webpack-internal:///./node_modules/@radix-ui/react-tooltip/dist/index.mjs:195:13)
    at Provider (webpack-internal:///./node_modules/@radix-ui/react-context/dist/index.mjs:34:15)
    at Provider (webpack-internal:///./node_modules/@radix-ui/react-context/dist/index.mjs:34:15)
    at Popper (webpack-internal:///./node_modules/@radix-ui/react-popper/dist/index.mjs:45:11)
    at Tooltip (webpack-internal:///./node_modules/@radix-ui/react-tooltip/dist/index.mjs:103:5)
    at Provider (webpack-internal:///./node_modules/@radix-ui/react-context/dist/index.mjs:34:15)
    at TooltipProvider (webpack-internal:///./node_modules/@radix-ui/react-tooltip/dist/index.mjs:59:5)
    at Tooltip (webpack-internal:///./src/renderer/ui/components/Tooltip/Tooltip.tsx:85:20)
    at div
    at O (webpack-internal:///./node_modules/styled-components/dist/styled-components.browser.esm.js:35:9796)
    at div
    at O (webpack-internal:///./node_modules/styled-components/dist/styled-components.browser.esm.js:35:9796)
    at CanvasToolbar (webpack-internal:///./src/renderer/components/Canvas/CanvasToolbar.tsx:71:26)
    at div
    at CanvasArea (webpack-internal:///./src/renderer/components/Canvas/CanvasArea.tsx:19:91)
    at div
    at O (webpack-internal:///./node_modules/styled-components/dist/styled-components.browser.esm.js:35:9796)
    at MainContent
    at div
    at O (webpack-internal:///./node_modules/styled-components/dist/styled-components.browser.esm.js:35:9796)
    at div
    at O (webpack-internal:///./node_modules/styled-components/dist/styled-components.browser.esm.js:35:9796)
    at div
    at O (webpack-internal:///./node_modules/styled-components/dist/styled-components.browser.esm.js:35:9796)
    at Layout (webpack-internal:///./src/renderer/components/Layout/Layout.tsx:43:121)
    at App (webpack-internal:///./src/renderer/App.tsx:12:16)
    at ot (webpack-internal:///./node_modules/styled-components/dist/styled-components.browser.esm.js:35:6585)
    at ThemeProvider (webpack-internal:///./src/renderer/ui/theme/ThemeProvider.tsx:55:26)
    at ErrorBoundary (webpack-internal:///./src/renderer/components/ErrorBoundary.tsx:12:9)

React will try to recreate this component tree from scratch using the error boundary you provided, ErrorBoundary.
logCapturedError @ react-dom.development.js:18704
ErrorBoundary.tsx:24 ErrorBoundary caught an error: TypeError: Cannot read properties of undefined (reading 'duration')
    at StyledIconButton.theme.theme (IconButton.tsx:128:52)
    at Xe (styled-components.browser.esm.js:1:18155)
    at e.generateAndInjectStyles (styled-components.browser.esm.js:1:19667)
    at eval (styled-components.browser.esm.js:1:22365)
    at eval (styled-components.browser.esm.js:1:22479)
    at O (styled-components.browser.esm.js:1:22698)
    at renderWithHooks (react-dom.development.js:15486:1)
    at updateForwardRef (react-dom.development.js:19245:1)
    at beginWork (react-dom.development.js:21675:1)
    at beginWork$1 (react-dom.development.js:27465:1) Object
componentDidCatch @ ErrorBoundary.tsx:24
react-dom.development.js:18704 The above error occurred in the <Styled(Component)> component:

    at O (webpack-internal:///./node_modules/styled-components/dist/styled-components.browser.esm.js:35:9796)
    at IconButton (webpack-internal:///./src/renderer/ui/components/IconButton/IconButton.tsx:149:23)
    at eval (webpack-internal:///./node_modules/@radix-ui/react-slot/dist/index.mjs:44:13)
    at eval (webpack-internal:///./node_modules/@radix-ui/react-slot/dist/index.mjs:20:13)
    at eval (webpack-internal:///./node_modules/@radix-ui/react-primitive/dist/index.mjs:38:13)
    at eval (webpack-internal:///./node_modules/@radix-ui/react-slot/dist/index.mjs:44:13)
    at eval (webpack-internal:///./node_modules/@radix-ui/react-slot/dist/index.mjs:20:13)
    at eval (webpack-internal:///./node_modules/@radix-ui/react-primitive/dist/index.mjs:38:13)
    at eval (webpack-internal:///./node_modules/@radix-ui/react-popper/dist/index.mjs:53:13)
    at eval (webpack-internal:///./node_modules/@radix-ui/react-tooltip/dist/index.mjs:195:13)
    at Provider (webpack-internal:///./node_modules/@radix-ui/react-context/dist/index.mjs:34:15)
    at Provider (webpack-internal:///./node_modules/@radix-ui/react-context/dist/index.mjs:34:15)
    at Popper (webpack-internal:///./node_modules/@radix-ui/react-popper/dist/index.mjs:45:11)
    at Tooltip (webpack-internal:///./node_modules/@radix-ui/react-tooltip/dist/index.mjs:103:5)
    at Provider (webpack-internal:///./node_modules/@radix-ui/react-context/dist/index.mjs:34:15)
    at TooltipProvider (webpack-internal:///./node_modules/@radix-ui/react-tooltip/dist/index.mjs:59:5)
    at Tooltip (webpack-internal:///./src/renderer/ui/components/Tooltip/Tooltip.tsx:85:20)
    at div
    at O (webpack-internal:///./node_modules/styled-components/dist/styled-components.browser.esm.js:35:9796)
    at div
    at O (webpack-internal:///./node_modules/styled-components/dist/styled-components.browser.esm.js:35:9796)
    at CanvasToolbar (webpack-internal:///./src/renderer/components/Canvas/CanvasToolbar.tsx:71:26)
    at div
    at CanvasArea (webpack-internal:///./src/renderer/components/Canvas/CanvasArea.tsx:19:91)
    at div
    at O (webpack-internal:///./node_modules/styled-components/dist/styled-components.browser.esm.js:35:9796)
    at MainContent
    at div
    at O (webpack-internal:///./node_modules/styled-components/dist/styled-components.browser.esm.js:35:9796)
    at div
    at O (webpack-internal:///./node_modules/styled-components/dist/styled-components.browser.esm.js:35:9796)
    at div
    at O (webpack-internal:///./node_modules/styled-components/dist/styled-components.browser.esm.js:35:9796)
    at Layout (webpack-internal:///./src/renderer/components/Layout/Layout.tsx:43:121)
    at App (webpack-internal:///./src/renderer/App.tsx:12:16)
    at ot (webpack-internal:///./node_modules/styled-components/dist/styled-components.browser.esm.js:35:6585)
    at ThemeProvider (webpack-internal:///./src/renderer/ui/theme/ThemeProvider.tsx:55:26)
    at ErrorBoundary (webpack-internal:///./src/renderer/components/ErrorBoundary.tsx:12:9)

React will try to recreate this component tree from scratch using the error boundary you provided, ErrorBoundary.
logCapturedError @ react-dom.development.js:18704
ErrorBoundary.tsx:24 ErrorBoundary caught an error: TypeError: Cannot read properties of undefined (reading 'duration')
    at StyledIconButton.theme.theme (IconButton.tsx:128:52)
    at Xe (styled-components.browser.esm.js:1:18155)
    at e.generateAndInjectStyles (styled-components.browser.esm.js:1:19667)
    at eval (styled-components.browser.esm.js:1:22365)
    at eval (styled-components.browser.esm.js:1:22479)
    at O (styled-components.browser.esm.js:1:22698)
    at renderWithHooks (react-dom.development.js:15486:1)
    at updateForwardRef (react-dom.development.js:19245:1)
    at beginWork (react-dom.development.js:21675:1)
    at beginWork$1 (react-dom.development.js:27465:1) Object
componentDidCatch @ ErrorBoundary.tsx:24
react-dom.development.js:18704 The above error occurred in the <Styled(Component)> component:

    at O (webpack-internal:///./node_modules/styled-components/dist/styled-components.browser.esm.js:35:9796)
    at IconButton (webpack-internal:///./src/renderer/ui/components/IconButton/IconButton.tsx:149:23)
    at eval (webpack-internal:///./node_modules/@radix-ui/react-slot/dist/index.mjs:44:13)
    at eval (webpack-internal:///./node_modules/@radix-ui/react-slot/dist/index.mjs:20:13)
    at eval (webpack-internal:///./node_modules/@radix-ui/react-primitive/dist/index.mjs:38:13)
    at eval (webpack-internal:///./node_modules/@radix-ui/react-slot/dist/index.mjs:44:13)
    at eval (webpack-internal:///./node_modules/@radix-ui/react-slot/dist/index.mjs:20:13)
    at eval (webpack-internal:///./node_modules/@radix-ui/react-primitive/dist/index.mjs:38:13)
    at eval (webpack-internal:///./node_modules/@radix-ui/react-popper/dist/index.mjs:53:13)
    at eval (webpack-internal:///./node_modules/@radix-ui/react-tooltip/dist/index.mjs:195:13)
    at Provider (webpack-internal:///./node_modules/@radix-ui/react-context/dist/index.mjs:34:15)
    at Provider (webpack-internal:///./node_modules/@radix-ui/react-context/dist/index.mjs:34:15)
    at Popper (webpack-internal:///./node_modules/@radix-ui/react-popper/dist/index.mjs:45:11)
    at Tooltip (webpack-internal:///./node_modules/@radix-ui/react-tooltip/dist/index.mjs:103:5)
    at Provider (webpack-internal:///./node_modules/@radix-ui/react-context/dist/index.mjs:34:15)
    at TooltipProvider (webpack-internal:///./node_modules/@radix-ui/react-tooltip/dist/index.mjs:59:5)
    at Tooltip (webpack-internal:///./src/renderer/ui/components/Tooltip/Tooltip.tsx:85:20)
    at div
    at O (webpack-internal:///./node_modules/styled-components/dist/styled-components.browser.esm.js:35:9796)
    at div
    at O (webpack-internal:///./node_modules/styled-components/dist/styled-components.browser.esm.js:35:9796)
    at CanvasToolbar (webpack-internal:///./src/renderer/components/Canvas/CanvasToolbar.tsx:71:26)
    at div
    at CanvasArea (webpack-internal:///./src/renderer/components/Canvas/CanvasArea.tsx:19:91)
    at div
    at O (webpack-internal:///./node_modules/styled-components/dist/styled-components.browser.esm.js:35:9796)
    at MainContent
    at div
    at O (webpack-internal:///./node_modules/styled-components/dist/styled-components.browser.esm.js:35:9796)
    at div
    at O (webpack-internal:///./node_modules/styled-components/dist/styled-components.browser.esm.js:35:9796)
    at div
    at O (webpack-internal:///./node_modules/styled-components/dist/styled-components.browser.esm.js:35:9796)
    at Layout (webpack-internal:///./src/renderer/components/Layout/Layout.tsx:43:121)
    at App (webpack-internal:///./src/renderer/App.tsx:12:16)
    at ot (webpack-internal:///./node_modules/styled-components/dist/styled-components.browser.esm.js:35:6585)
    at ThemeProvider (webpack-internal:///./src/renderer/ui/theme/ThemeProvider.tsx:55:26)
    at ErrorBoundary (webpack-internal:///./src/renderer/components/ErrorBoundary.tsx:12:9)

React will try to recreate this component tree from scratch using the error boundary you provided, ErrorBoundary.
logCapturedError @ react-dom.development.js:18704
ErrorBoundary.tsx:24 ErrorBoundary caught an error: TypeError: Cannot read properties of undefined (reading 'duration')
    at StyledIconButton.theme.theme (IconButton.tsx:128:52)
    at Xe (styled-components.browser.esm.js:1:18155)
    at e.generateAndInjectStyles (styled-components.browser.esm.js:1:19667)
    at eval (styled-components.browser.esm.js:1:22365)
    at eval (styled-components.browser.esm.js:1:22479)
    at O (styled-components.browser.esm.js:1:22698)
    at renderWithHooks (react-dom.development.js:15486:1)
    at updateForwardRef (react-dom.development.js:19245:1)
    at beginWork (react-dom.development.js:21675:1)
    at beginWork$1 (react-dom.development.js:27465:1) Object
componentDidCatch @ ErrorBoundary.tsx:24
react-dom.development.js:18704 The above error occurred in the <Styled(Component)> component:

    at O (webpack-internal:///./node_modules/styled-components/dist/styled-components.browser.esm.js:35:9796)
    at IconButton (webpack-internal:///./src/renderer/ui/components/IconButton/IconButton.tsx:149:23)
    at eval (webpack-internal:///./node_modules/@radix-ui/react-slot/dist/index.mjs:44:13)
    at eval (webpack-internal:///./node_modules/@radix-ui/react-slot/dist/index.mjs:20:13)
    at eval (webpack-internal:///./node_modules/@radix-ui/react-primitive/dist/index.mjs:38:13)
    at eval (webpack-internal:///./node_modules/@radix-ui/react-slot/dist/index.mjs:44:13)
    at eval (webpack-internal:///./node_modules/@radix-ui/react-slot/dist/index.mjs:20:13)
    at eval (webpack-internal:///./node_modules/@radix-ui/react-primitive/dist/index.mjs:38:13)
    at eval (webpack-internal:///./node_modules/@radix-ui/react-popper/dist/index.mjs:53:13)
    at eval (webpack-internal:///./node_modules/@radix-ui/react-tooltip/dist/index.mjs:195:13)
    at Provider (webpack-internal:///./node_modules/@radix-ui/react-context/dist/index.mjs:34:15)
    at Provider (webpack-internal:///./node_modules/@radix-ui/react-context/dist/index.mjs:34:15)
    at Popper (webpack-internal:///./node_modules/@radix-ui/react-popper/dist/index.mjs:45:11)
    at Tooltip (webpack-internal:///./node_modules/@radix-ui/react-tooltip/dist/index.mjs:103:5)
    at Provider (webpack-internal:///./node_modules/@radix-ui/react-context/dist/index.mjs:34:15)
    at TooltipProvider (webpack-internal:///./node_modules/@radix-ui/react-tooltip/dist/index.mjs:59:5)
    at Tooltip (webpack-internal:///./src/renderer/ui/components/Tooltip/Tooltip.tsx:85:20)
    at div
    at O (webpack-internal:///./node_modules/styled-components/dist/styled-components.browser.esm.js:35:9796)
    at div
    at O (webpack-internal:///./node_modules/styled-components/dist/styled-components.browser.esm.js:35:9796)
    at CanvasToolbar (webpack-internal:///./src/renderer/components/Canvas/CanvasToolbar.tsx:71:26)
    at div
    at CanvasArea (webpack-internal:///./src/renderer/components/Canvas/CanvasArea.tsx:19:91)
    at div
    at O (webpack-internal:///./node_modules/styled-components/dist/styled-components.browser.esm.js:35:9796)
    at MainContent
    at div
    at O (webpack-internal:///./node_modules/styled-components/dist/styled-components.browser.esm.js:35:9796)
    at div
    at O (webpack-internal:///./node_modules/styled-components/dist/styled-components.browser.esm.js:35:9796)
    at div
    at O (webpack-internal:///./node_modules/styled-components/dist/styled-components.browser.esm.js:35:9796)
    at Layout (webpack-internal:///./src/renderer/components/Layout/Layout.tsx:43:121)
    at App (webpack-internal:///./src/renderer/App.tsx:12:16)
    at ot (webpack-internal:///./node_modules/styled-components/dist/styled-components.browser.esm.js:35:6585)
    at ThemeProvider (webpack-internal:///./src/renderer/ui/theme/ThemeProvider.tsx:55:26)
    at ErrorBoundary (webpack-internal:///./src/renderer/components/ErrorBoundary.tsx:12:9)

React will try to recreate this component tree from scratch using the error boundary you provided, ErrorBoundary.
logCapturedError @ react-dom.development.js:18704
ErrorBoundary.tsx:24 ErrorBoundary caught an error: TypeError: Cannot read properties of undefined (reading 'duration')
    at StyledIconButton.theme.theme (IconButton.tsx:128:52)
    at Xe (styled-components.browser.esm.js:1:18155)
    at e.generateAndInjectStyles (styled-components.browser.esm.js:1:19667)
    at eval (styled-components.browser.esm.js:1:22365)
    at eval (styled-components.browser.esm.js:1:22479)
    at O (styled-components.browser.esm.js:1:22698)
    at renderWithHooks (react-dom.development.js:15486:1)
    at updateForwardRef (react-dom.development.js:19245:1)
    at beginWork (react-dom.development.js:21675:1)
    at beginWork$1 (react-dom.development.js:27465:1) Object
componentDidCatch @ ErrorBoundary.tsx:24
react-dom.development.js:18704 The above error occurred in the <Styled(Component)> component:

    at O (webpack-internal:///./node_modules/styled-components/dist/styled-components.browser.esm.js:35:9796)
    at IconButton (webpack-internal:///./src/renderer/ui/components/IconButton/IconButton.tsx:149:23)
    at O (webpack-internal:///./node_modules/styled-components/dist/styled-components.browser.esm.js:35:9796)
    at eval (webpack-internal:///./node_modules/@radix-ui/react-slot/dist/index.mjs:44:13)
    at eval (webpack-internal:///./node_modules/@radix-ui/react-slot/dist/index.mjs:20:13)
    at eval (webpack-internal:///./node_modules/@radix-ui/react-primitive/dist/index.mjs:38:13)
    at eval (webpack-internal:///./node_modules/@radix-ui/react-slot/dist/index.mjs:44:13)
    at eval (webpack-internal:///./node_modules/@radix-ui/react-slot/dist/index.mjs:20:13)
    at eval (webpack-internal:///./node_modules/@radix-ui/react-primitive/dist/index.mjs:38:13)
    at eval (webpack-internal:///./node_modules/@radix-ui/react-popper/dist/index.mjs:53:13)
    at eval (webpack-internal:///./node_modules/@radix-ui/react-tooltip/dist/index.mjs:195:13)
    at Provider (webpack-internal:///./node_modules/@radix-ui/react-context/dist/index.mjs:34:15)
    at Provider (webpack-internal:///./node_modules/@radix-ui/react-context/dist/index.mjs:34:15)
    at Popper (webpack-internal:///./node_modules/@radix-ui/react-popper/dist/index.mjs:45:11)
    at Tooltip (webpack-internal:///./node_modules/@radix-ui/react-tooltip/dist/index.mjs:103:5)
    at Provider (webpack-internal:///./node_modules/@radix-ui/react-context/dist/index.mjs:34:15)
    at TooltipProvider (webpack-internal:///./node_modules/@radix-ui/react-tooltip/dist/index.mjs:59:5)
    at Tooltip (webpack-internal:///./src/renderer/ui/components/Tooltip/Tooltip.tsx:85:20)
    at div
    at O (webpack-internal:///./node_modules/styled-components/dist/styled-components.browser.esm.js:35:9796)
    at div
    at O (webpack-internal:///./node_modules/styled-components/dist/styled-components.browser.esm.js:35:9796)
    at CanvasToolbar (webpack-internal:///./src/renderer/components/Canvas/CanvasToolbar.tsx:71:26)
    at div
    at CanvasArea (webpack-internal:///./src/renderer/components/Canvas/CanvasArea.tsx:19:91)
    at div
    at O (webpack-internal:///./node_modules/styled-components/dist/styled-components.browser.esm.js:35:9796)
    at MainContent
    at div
    at O (webpack-internal:///./node_modules/styled-components/dist/styled-components.browser.esm.js:35:9796)
    at div
    at O (webpack-internal:///./node_modules/styled-components/dist/styled-components.browser.esm.js:35:9796)
    at div
    at O (webpack-internal:///./node_modules/styled-components/dist/styled-components.browser.esm.js:35:9796)
    at Layout (webpack-internal:///./src/renderer/components/Layout/Layout.tsx:43:121)
    at App (webpack-internal:///./src/renderer/App.tsx:12:16)
    at ot (webpack-internal:///./node_modules/styled-components/dist/styled-components.browser.esm.js:35:6585)
    at ThemeProvider (webpack-internal:///./src/renderer/ui/theme/ThemeProvider.tsx:55:26)
    at ErrorBoundary (webpack-internal:///./src/renderer/components/ErrorBoundary.tsx:12:9)

React will try to recreate this component tree from scratch using the error boundary you provided, ErrorBoundary.
logCapturedError @ react-dom.development.js:18704
ErrorBoundary.tsx:24 ErrorBoundary caught an error: TypeError: Cannot read properties of undefined (reading 'duration')
    at StyledIconButton.theme.theme (IconButton.tsx:128:52)
    at Xe (styled-components.browser.esm.js:1:18155)
    at e.generateAndInjectStyles (styled-components.browser.esm.js:1:19667)
    at eval (styled-components.browser.esm.js:1:22365)
    at eval (styled-components.browser.esm.js:1:22479)
    at O (styled-components.browser.esm.js:1:22698)
    at renderWithHooks (react-dom.development.js:15486:1)
    at updateForwardRef (react-dom.development.js:19245:1)
    at beginWork (react-dom.development.js:21675:1)
    at beginWork$1 (react-dom.development.js:27465:1) Object
componentDidCatch @ ErrorBoundary.tsx:24
react-dom.development.js:18704 The above error occurred in the <Styled(Component)> component:

    at O (webpack-internal:///./node_modules/styled-components/dist/styled-components.browser.esm.js:35:9796)
    at IconButton (webpack-internal:///./src/renderer/ui/components/IconButton/IconButton.tsx:149:23)
    at O (webpack-internal:///./node_modules/styled-components/dist/styled-components.browser.esm.js:35:9796)
    at eval (webpack-internal:///./node_modules/@radix-ui/react-slot/dist/index.mjs:44:13)
    at eval (webpack-internal:///./node_modules/@radix-ui/react-slot/dist/index.mjs:20:13)
    at eval (webpack-internal:///./node_modules/@radix-ui/react-primitive/dist/index.mjs:38:13)
    at eval (webpack-internal:///./node_modules/@radix-ui/react-slot/dist/index.mjs:44:13)
    at eval (webpack-internal:///./node_modules/@radix-ui/react-slot/dist/index.mjs:20:13)
    at eval (webpack-internal:///./node_modules/@radix-ui/react-primitive/dist/index.mjs:38:13)
    at eval (webpack-internal:///./node_modules/@radix-ui/react-popper/dist/index.mjs:53:13)
    at eval (webpack-internal:///./node_modules/@radix-ui/react-tooltip/dist/index.mjs:195:13)
    at Provider (webpack-internal:///./node_modules/@radix-ui/react-context/dist/index.mjs:34:15)
    at Provider (webpack-internal:///./node_modules/@radix-ui/react-context/dist/index.mjs:34:15)
    at Popper (webpack-internal:///./node_modules/@radix-ui/react-popper/dist/index.mjs:45:11)
    at Tooltip (webpack-internal:///./node_modules/@radix-ui/react-tooltip/dist/index.mjs:103:5)
    at Provider (webpack-internal:///./node_modules/@radix-ui/react-context/dist/index.mjs:34:15)
    at TooltipProvider (webpack-internal:///./node_modules/@radix-ui/react-tooltip/dist/index.mjs:59:5)
    at Tooltip (webpack-internal:///./src/renderer/ui/components/Tooltip/Tooltip.tsx:85:20)
    at div
    at O (webpack-internal:///./node_modules/styled-components/dist/styled-components.browser.esm.js:35:9796)
    at div
    at O (webpack-internal:///./node_modules/styled-components/dist/styled-components.browser.esm.js:35:9796)
    at CanvasToolbar (webpack-internal:///./src/renderer/components/Canvas/CanvasToolbar.tsx:71:26)
    at div
    at CanvasArea (webpack-internal:///./src/renderer/components/Canvas/CanvasArea.tsx:19:91)
    at div
    at O (webpack-internal:///./node_modules/styled-components/dist/styled-components.browser.esm.js:35:9796)
    at MainContent
    at div
    at O (webpack-internal:///./node_modules/styled-components/dist/styled-components.browser.esm.js:35:9796)
    at div
    at O (webpack-internal:///./node_modules/styled-components/dist/styled-components.browser.esm.js:35:9796)
    at div
    at O (webpack-internal:///./node_modules/styled-components/dist/styled-components.browser.esm.js:35:9796)
    at Layout (webpack-internal:///./src/renderer/components/Layout/Layout.tsx:43:121)
    at App (webpack-internal:///./src/renderer/App.tsx:12:16)
    at ot (webpack-internal:///./node_modules/styled-components/dist/styled-components.browser.esm.js:35:6585)
    at ThemeProvider (webpack-internal:///./src/renderer/ui/theme/ThemeProvider.tsx:55:26)
    at ErrorBoundary (webpack-internal:///./src/renderer/components/ErrorBoundary.tsx:12:9)

React will try to recreate this component tree from scratch using the error boundary you provided, ErrorBoundary.
logCapturedError @ react-dom.development.js:18704
ErrorBoundary.tsx:24 ErrorBoundary caught an error: TypeError: Cannot read properties of undefined (reading 'duration')
    at StyledIconButton.theme.theme (IconButton.tsx:128:52)
    at Xe (styled-components.browser.esm.js:1:18155)
    at e.generateAndInjectStyles (styled-components.browser.esm.js:1:19667)
    at eval (styled-components.browser.esm.js:1:22365)
    at eval (styled-components.browser.esm.js:1:22479)
    at O (styled-components.browser.esm.js:1:22698)
    at renderWithHooks (react-dom.development.js:15486:1)
    at updateForwardRef (react-dom.development.js:19245:1)
    at beginWork (react-dom.development.js:21675:1)
    at beginWork$1 (react-dom.development.js:27465:1) Object
componentDidCatch @ ErrorBoundary.tsx:24
react-dom.development.js:18704 The above error occurred in the <Styled(Component)> component:

    at O (webpack-internal:///./node_modules/styled-components/dist/styled-components.browser.esm.js:35:9796)
    at IconButton (webpack-internal:///./src/renderer/ui/components/IconButton/IconButton.tsx:149:23)
    at O (webpack-internal:///./node_modules/styled-components/dist/styled-components.browser.esm.js:35:9796)
    at eval (webpack-internal:///./node_modules/@radix-ui/react-slot/dist/index.mjs:44:13)
    at eval (webpack-internal:///./node_modules/@radix-ui/react-slot/dist/index.mjs:20:13)
    at eval (webpack-internal:///./node_modules/@radix-ui/react-primitive/dist/index.mjs:38:13)
    at eval (webpack-internal:///./node_modules/@radix-ui/react-slot/dist/index.mjs:44:13)
    at eval (webpack-internal:///./node_modules/@radix-ui/react-slot/dist/index.mjs:20:13)
    at eval (webpack-internal:///./node_modules/@radix-ui/react-primitive/dist/index.mjs:38:13)
    at eval (webpack-internal:///./node_modules/@radix-ui/react-popper/dist/index.mjs:53:13)
    at eval (webpack-internal:///./node_modules/@radix-ui/react-tooltip/dist/index.mjs:195:13)
    at Provider (webpack-internal:///./node_modules/@radix-ui/react-context/dist/index.mjs:34:15)
    at Provider (webpack-internal:///./node_modules/@radix-ui/react-context/dist/index.mjs:34:15)
    at Popper (webpack-internal:///./node_modules/@radix-ui/react-popper/dist/index.mjs:45:11)
    at Tooltip (webpack-internal:///./node_modules/@radix-ui/react-tooltip/dist/index.mjs:103:5)
    at Provider (webpack-internal:///./node_modules/@radix-ui/react-context/dist/index.mjs:34:15)
    at TooltipProvider (webpack-internal:///./node_modules/@radix-ui/react-tooltip/dist/index.mjs:59:5)
    at Tooltip (webpack-internal:///./src/renderer/ui/components/Tooltip/Tooltip.tsx:85:20)
    at div
    at O (webpack-internal:///./node_modules/styled-components/dist/styled-components.browser.esm.js:35:9796)
    at div
    at O (webpack-internal:///./node_modules/styled-components/dist/styled-components.browser.esm.js:35:9796)
    at CanvasToolbar (webpack-internal:///./src/renderer/components/Canvas/CanvasToolbar.tsx:71:26)
    at div
    at CanvasArea (webpack-internal:///./src/renderer/components/Canvas/CanvasArea.tsx:19:91)
    at div
    at O (webpack-internal:///./node_modules/styled-components/dist/styled-components.browser.esm.js:35:9796)
    at MainContent
    at div
    at O (webpack-internal:///./node_modules/styled-components/dist/styled-components.browser.esm.js:35:9796)
    at div
    at O (webpack-internal:///./node_modules/styled-components/dist/styled-components.browser.esm.js:35:9796)
    at div
    at O (webpack-internal:///./node_modules/styled-components/dist/styled-components.browser.esm.js:35:9796)
    at Layout (webpack-internal:///./src/renderer/components/Layout/Layout.tsx:43:121)
    at App (webpack-internal:///./src/renderer/App.tsx:12:16)
    at ot (webpack-internal:///./node_modules/styled-components/dist/styled-components.browser.esm.js:35:6585)
    at ThemeProvider (webpack-internal:///./src/renderer/ui/theme/ThemeProvider.tsx:55:26)
    at ErrorBoundary (webpack-internal:///./src/renderer/components/ErrorBoundary.tsx:12:9)

React will try to recreate this component tree from scratch using the error boundary you provided, ErrorBoundary.
logCapturedError @ react-dom.development.js:18704
ErrorBoundary.tsx:24 ErrorBoundary caught an error: TypeError: Cannot read properties of undefined (reading 'duration')
    at StyledIconButton.theme.theme (IconButton.tsx:128:52)
    at Xe (styled-components.browser.esm.js:1:18155)
    at e.generateAndInjectStyles (styled-components.browser.esm.js:1:19667)
    at eval (styled-components.browser.esm.js:1:22365)
    at eval (styled-components.browser.esm.js:1:22479)
    at O (styled-components.browser.esm.js:1:22698)
    at renderWithHooks (react-dom.development.js:15486:1)
    at updateForwardRef (react-dom.development.js:19245:1)
    at beginWork (react-dom.development.js:21675:1)
    at beginWork$1 (react-dom.development.js:27465:1) Object
componentDidCatch @ ErrorBoundary.tsx:24
VM161 renderer_init:2 Electron Security Warning (Insecure Content-Security-Policy) This renderer process has either no Content Security
  Policy set or a policy with "unsafe-eval" enabled. This exposes users of
  this app to unnecessary security risks.

For more information and help, consult
https://electronjs.org/docs/tutorial/security.
This warning will not show up
once the app is packaged.
warnAboutInsecureCSP @ VM161 renderer_init:2
